2022-04-19 21:15:11,923 - (0.7% 1:144) - Filename: P4338.png - width: 1024  - height: 1024  - Objects: 1     - Windows: 1     - Patches: 1
2022-04-19 21:15:11,996 - (1.4% 2:144) - Filename: P2875.png - width: 1024  - height: 1024  - Objects: 2     - Windows: 1     - Patches: 1
2022-04-19 21:15:12,023 - (2.1% 3:144) - Filename: P5309.png - width: 1024  - height: 1024  - Objects: 1     - Windows: 1     - Patches: 1
2022-04-19 21:15:12,027 - (2.8% 4:144) - Filename: P4803.png - width: 1024  - height: 1024  - Objects: 3     - Windows: 1     - Patches: 1
2022-04-19 21:15:12,050 - (3.5% 5:144) - Filename: P4720.png - width: 1024  - height: 1024  - Objects: 8     - Windows: 1     - Patches: 1
2022-04-19 21:15:12,059 - (4.2% 6:144) - Filename: P5301.png - width: 1024  - height: 1024  - Objects: 4     - Windows: 1     - Patches: 1
2022-04-19 21:15:12,074 - (4.9% 7:144) - Filename: P4914.png - width: 1024  - height: 1024  - Objects: 1     - Windows: 1     - Patches: 1
2022-04-19 21:15:12,093 - (5.6% 8:144) - Filename: P4613.png - width: 1024  - height: 1024  - Objects: 1     - Windows: 1     - Patches: 1
2022-04-19 21:15:12,112 - (6.2% 9:144) - Filename: P4412.png - width: 1024  - height: 1024  - Objects: 1     - Windows: 1     - Patches: 1
2022-04-19 21:15:12,122 - (6.9% 10:144) - Filename: P4228.png - width: 1024  - height: 1024  - Objects: 1     - Windows: 1     - Patches: 1
2022-04-19 21:15:12,143 - (7.6% 11:144) - Filename: P4309.png - width: 1024  - height: 1024  - Objects: 2     - Windows: 1     - Patches: 1
2022-04-19 21:15:12,167 - (8.3% 12:144) - Filename: P4172.png - width: 1024  - height: 1024  - Objects: 2     - Windows: 1     - Patches: 1
2022-04-19 21:15:12,189 - (9.0% 13:144) - Filename: P3738.png - width: 1024  - height: 1024  - Objects: 2     - Windows: 1     - Patches: 1
2022-04-19 21:15:12,236 - (9.7% 14:144) - Filename: P3899.png - width: 1024  - height: 1024  - Objects: 23    - Windows: 1     - Patches: 1
2022-04-19 21:15:12,241 - (10.4% 15:144) - Filename: P4634.png - width: 1024  - height: 1024  - Objects: 1     - Windows: 1     - Patches: 1
2022-04-19 21:15:12,242 - (11.1% 16:144) - Filename: P4330.png - width: 1024  - height: 1024  - Objects: 1     - Windows: 1     - Patches: 1
2022-04-19 21:15:12,267 - (11.8% 17:144) - Filename: P4840.png - width: 1024  - height: 1024  - Objects: 17    - Windows: 1     - Patches: 1
2022-04-19 21:15:12,269 - (12.5% 18:144) - Filename: P3668.png - width: 1024  - height: 1024  - Objects: 1     - Windows: 1     - Patches: 1
2022-04-19 21:15:12,277 - (13.2% 19:144) - Filename: P4383.png - width: 1024  - height: 1024  - Objects: 1     - Windows: 1     - Patches: 1
2022-04-19 21:15:12,298 - (13.9% 20:144) - Filename: P5620.png - width: 1024  - height: 1024  - Objects: 1     - Windows: 1     - Patches: 1
2022-04-19 21:15:12,312 - (14.6% 21:144) - Filename: P3348.png - width: 1024  - height: 1024  - Objects: 1     - Windows: 1     - Patches: 1
2022-04-19 21:15:12,313 - (15.3% 22:144) - Filename: P5365.png - width: 1024  - height: 1024  - Objects: 21    - Windows: 1     - Patches: 1
2022-04-19 21:15:12,320 - (16.0% 23:144) - Filename: P5532.png - width: 1024  - height: 1024  - Objects: 2     - Windows: 1     - Patches: 1
2022-04-19 21:15:12,323 - (16.7% 24:144) - Filename: P4577.png - width: 1024  - height: 1024  - Objects: 2     - Windows: 1     - Patches: 1
2022-04-19 21:15:12,324 - (17.4% 25:144) - Filename: P5505.png - width: 1024  - height: 1024  - Objects: 1     - Windows: 1     - Patches: 1
2022-04-19 21:15:12,369 - (18.1% 26:144) - Filename: P2898.png - width: 1024  - height: 1024  - Objects: 1     - Windows: 1     - Patches: 1
2022-04-19 21:15:12,374 - (18.8% 27:144) - Filename: P4229.png - width: 1024  - height: 1024  - Objects: 10    - Windows: 1     - Patches: 1
2022-04-19 21:15:12,388 - (19.4% 28:144) - Filename: P2961.png - width: 1024  - height: 1024  - Objects: 27    - Windows: 1     - Patches: 1
2022-04-19 21:15:12,392 - (20.1% 29:144) - Filename: P3591.png - width: 1024  - height: 1024  - Objects: 2     - Windows: 1     - Patches: 1
2022-04-19 21:15:12,428 - (20.8% 30:144) - Filename: P3391.png - width: 1024  - height: 1024  - Objects: 2     - Windows: 1     - Patches: 1
2022-04-19 21:15:12,443 - (21.5% 31:144) - Filename: P5163.png - width: 1024  - height: 1024  - Objects: 1     - Windows: 1     - Patches: 1
2022-04-19 21:15:12,471 - (22.2% 32:144) - Filename: P5702.png - width: 1024  - height: 1024  - Objects: 2     - Windows: 1     - Patches: 1
2022-04-19 21:15:12,472 - (22.9% 33:144) - Filename: P3108.png - width: 1024  - height: 1024  - Objects: 8     - Windows: 1     - Patches: 1
2022-04-19 21:15:12,480 - (23.6% 34:144) - Filename: P5110.png - width: 1024  - height: 1024  - Objects: 18    - Windows: 1     - Patches: 1
2022-04-19 21:15:12,614 - (24.3% 35:144) - Filename: P3002.png - width: 1024  - height: 1024  - Objects: 1     - Windows: 1     - Patches: 1
2022-04-19 21:15:12,653 - (25.0% 36:144) - Filename: P4079.png - width: 1024  - height: 1024  - Objects: 6     - Windows: 1     - Patches: 1
2022-04-19 21:15:12,678 - (25.7% 37:144) - Filename: P2832.png - width: 1024  - height: 1024  - Objects: 5     - Windows: 1     - Patches: 1
2022-04-19 21:15:12,697 - (26.4% 38:144) - Filename: P5300.png - width: 1024  - height: 1024  - Objects: 1     - Windows: 1     - Patches: 1
2022-04-19 21:15:12,733 - (27.1% 39:144) - Filename: P2991.png - width: 1024  - height: 1024  - Objects: 1     - Windows: 1     - Patches: 1
2022-04-19 21:15:12,741 - (27.8% 40:144) - Filename: P5164.png - width: 1024  - height: 1024  - Objects: 1     - Windows: 1     - Patches: 1
2022-04-19 21:15:12,801 - (28.5% 41:144) - Filename: P4937.png - width: 1024  - height: 1024  - Objects: 2     - Windows: 1     - Patches: 1
2022-04-19 21:15:12,861 - (29.2% 42:144) - Filename: P3014.png - width: 1024  - height: 1024  - Objects: 39    - Windows: 1     - Patches: 1
2022-04-19 21:15:12,865 - (29.9% 43:144) - Filename: P4571.png - width: 1024  - height: 1024  - Objects: 1     - Windows: 1     - Patches: 1
2022-04-19 21:15:12,867 - (30.6% 44:144) - Filename: P4759.png - width: 1024  - height: 1024  - Objects: 1     - Windows: 1     - Patches: 1
2022-04-19 21:15:12,868 - (31.2% 45:144) - Filename: P2944.png - width: 1024  - height: 1024  - Objects: 1     - Windows: 1     - Patches: 1
2022-04-19 21:15:12,869 - (31.9% 46:144) - Filename: P4528.png - width: 1024  - height: 1024  - Objects: 1     - Windows: 1     - Patches: 1
2022-04-19 21:15:12,920 - (32.6% 47:144) - Filename: P3691.png - width: 1024  - height: 1024  - Objects: 5     - Windows: 1     - Patches: 1
2022-04-19 21:15:12,924 - (33.3% 48:144) - Filename: P4230.png - width: 1024  - height: 1024  - Objects: 2     - Windows: 1     - Patches: 1
2022-04-19 21:15:12,928 - (34.0% 49:144) - Filename: P5106.png - width: 1024  - height: 1024  - Objects: 1     - Windows: 1     - Patches: 1
2022-04-19 21:15:12,936 - (34.7% 50:144) - Filename: P3460.png - width: 1024  - height: 1024  - Objects: 1     - Windows: 1     - Patches: 1
2022-04-19 21:15:12,938 - (35.4% 51:144) - Filename: P3900.png - width: 1024  - height: 1024  - Objects: 5     - Windows: 1     - Patches: 1
2022-04-19 21:15:13,016 - (36.1% 52:144) - Filename: P3618.png - width: 1024  - height: 1024  - Objects: 1     - Windows: 1     - Patches: 1
2022-04-19 21:15:13,081 - (36.8% 53:144) - Filename: P4451.png - width: 1024  - height: 1024  - Objects: 3     - Windows: 1     - Patches: 1
2022-04-19 21:15:13,086 - (37.5% 54:144) - Filename: P5154.png - width: 1024  - height: 1024  - Objects: 1     - Windows: 1     - Patches: 1
2022-04-19 21:15:13,093 - (38.2% 55:144) - Filename: P5156.png - width: 1024  - height: 1024  - Objects: 5     - Windows: 1     - Patches: 1
2022-04-19 21:15:13,130 - (38.9% 56:144) - Filename: P3068.png - width: 1024  - height: 1024  - Objects: 4     - Windows: 1     - Patches: 1
2022-04-19 21:15:13,132 - (39.6% 57:144) - Filename: P5000.png - width: 1024  - height: 1024  - Objects: 2     - Windows: 1     - Patches: 1
2022-04-19 21:15:13,136 - (40.3% 58:144) - Filename: P3732.png - width: 1024  - height: 1024  - Objects: 1     - Windows: 1     - Patches: 1
2022-04-19 21:15:13,209 - (41.0% 59:144) - Filename: P3825.png - width: 1024  - height: 1024  - Objects: 4     - Windows: 1     - Patches: 1
2022-04-19 21:15:13,234 - (41.7% 60:144) - Filename: P4744.png - width: 1024  - height: 1024  - Objects: 4     - Windows: 1     - Patches: 1
2022-04-19 21:15:13,251 - (42.4% 61:144) - Filename: P4513.png - width: 1024  - height: 1024  - Objects: 1     - Windows: 1     - Patches: 1
2022-04-19 21:15:13,293 - (43.1% 62:144) - Filename: P5512.png - width: 1024  - height: 1024  - Objects: 2     - Windows: 1     - Patches: 1
2022-04-19 21:15:13,319 - (43.8% 63:144) - Filename: P3176.png - width: 1024  - height: 1024  - Objects: 11    - Windows: 1     - Patches: 1
2022-04-19 21:15:13,333 - (44.4% 64:144) - Filename: P4036.png - width: 1024  - height: 1024  - Objects: 1     - Windows: 1     - Patches: 1
2022-04-19 21:15:13,363 - (45.1% 65:144) - Filename: P4493.png - width: 1024  - height: 1024  - Objects: 4     - Windows: 1     - Patches: 1
2022-04-19 21:15:13,418 - (45.8% 66:144) - Filename: P5231.png - width: 1024  - height: 1024  - Objects: 4     - Windows: 1     - Patches: 1
2022-04-19 21:15:13,447 - (46.5% 67:144) - Filename: P3179.png - width: 1024  - height: 1024  - Objects: 12    - Windows: 1     - Patches: 1
2022-04-19 21:15:13,517 - (47.2% 68:144) - Filename: P4009.png - width: 1024  - height: 1024  - Objects: 1     - Windows: 1     - Patches: 1
2022-04-19 21:15:13,522 - (47.9% 69:144) - Filename: P5325.png - width: 1024  - height: 1024  - Objects: 29    - Windows: 1     - Patches: 1
2022-04-19 21:15:13,533 - (48.6% 70:144) - Filename: P3287.png - width: 1024  - height: 1024  - Objects: 2     - Windows: 1     - Patches: 1
2022-04-19 21:15:13,605 - (49.3% 71:144) - Filename: P4232.png - width: 1024  - height: 1024  - Objects: 5     - Windows: 1     - Patches: 1
2022-04-19 21:15:13,727 - (50.0% 72:144) - Filename: P4350.png - width: 1024  - height: 1024  - Objects: 1     - Windows: 1     - Patches: 1
2022-04-19 21:15:13,762 - (50.7% 73:144) - Filename: P3399.png - width: 1024  - height: 1024  - Objects: 1     - Windows: 1     - Patches: 1
2022-04-19 21:15:13,796 - (51.4% 74:144) - Filename: P3764.png - width: 1024  - height: 1024  - Objects: 1     - Windows: 1     - Patches: 1
2022-04-19 21:15:13,800 - (52.1% 75:144) - Filename: P4210.png - width: 1024  - height: 1024  - Objects: 3     - Windows: 1     - Patches: 1
2022-04-19 21:15:13,805 - (52.8% 76:144) - Filename: P3990.png - width: 1024  - height: 1024  - Objects: 1     - Windows: 1     - Patches: 1
2022-04-19 21:15:13,816 - (53.5% 77:144) - Filename: P5071.png - width: 1024  - height: 1024  - Objects: 1     - Windows: 1     - Patches: 1
2022-04-19 21:15:13,827 - (54.2% 78:144) - Filename: P4998.png - width: 1024  - height: 1024  - Objects: 2     - Windows: 1     - Patches: 1
2022-04-19 21:15:13,849 - (54.9% 79:144) - Filename: P3481.png - width: 1024  - height: 1024  - Objects: 7     - Windows: 1     - Patches: 1
2022-04-19 21:15:13,899 - (55.6% 80:144) - Filename: P4000.png - width: 1024  - height: 1024  - Objects: 2     - Windows: 1     - Patches: 1
2022-04-19 21:15:13,989 - (56.2% 81:144) - Filename: P3596.png - width: 1024  - height: 1024  - Objects: 1     - Windows: 1     - Patches: 1
2022-04-19 21:15:14,019 - (56.9% 82:144) - Filename: P4117.png - width: 1024  - height: 1024  - Objects: 1     - Windows: 1     - Patches: 1
2022-04-19 21:15:14,032 - (57.6% 83:144) - Filename: P4743.png - width: 1024  - height: 1024  - Objects: 3     - Windows: 1     - Patches: 1
2022-04-19 21:15:14,053 - (58.3% 84:144) - Filename: P4173.png - width: 1024  - height: 1024  - Objects: 2     - Windows: 1     - Patches: 1
2022-04-19 21:15:14,055 - (59.0% 85:144) - Filename: P3919.png - width: 1024  - height: 1024  - Objects: 1     - Windows: 1     - Patches: 1
2022-04-19 21:15:14,200 - (59.7% 86:144) - Filename: P5720.png - width: 1024  - height: 1024  - Objects: 7     - Windows: 1     - Patches: 1
2022-04-19 21:15:14,250 - (60.4% 87:144) - Filename: P4261.png - width: 1024  - height: 1024  - Objects: 7     - Windows: 1     - Patches: 1
2022-04-19 21:15:14,359 - (61.1% 88:144) - Filename: P4770.png - width: 1024  - height: 1024  - Objects: 1     - Windows: 1     - Patches: 1
2022-04-19 21:15:14,463 - (61.8% 89:144) - Filename: P4612.png - width: 1024  - height: 1024  - Objects: 2     - Windows: 1     - Patches: 1
2022-04-19 21:15:14,529 - (62.5% 90:144) - Filename: P4136.png - width: 1024  - height: 1024  - Objects: 108   - Windows: 1     - Patches: 1
2022-04-19 21:15:14,569 - (63.2% 91:144) - Filename: P4275.png - width: 1024  - height: 1024  - Objects: 8     - Windows: 1     - Patches: 1
2022-04-19 21:15:14,600 - (63.9% 92:144) - Filename: P2824.png - width: 1024  - height: 1024  - Objects: 1     - Windows: 1     - Patches: 1
2022-04-19 21:15:14,621 - (64.6% 93:144) - Filename: P5427.png - width: 1024  - height: 1024  - Objects: 42    - Windows: 1     - Patches: 1
2022-04-19 21:15:14,712 - (65.3% 94:144) - Filename: P4200.png - width: 1024  - height: 1024  - Objects: 1     - Windows: 1     - Patches: 1
2022-04-19 21:15:14,753 - (66.0% 95:144) - Filename: P3720.png - width: 1024  - height: 1024  - Objects: 1     - Windows: 1     - Patches: 1
2022-04-19 21:15:14,853 - (66.7% 96:144) - Filename: P5565.png - width: 1024  - height: 1024  - Objects: 1     - Windows: 1     - Patches: 1
2022-04-19 21:15:14,932 - (67.4% 97:144) - Filename: P4303.png - width: 1024  - height: 1024  - Objects: 1     - Windows: 1     - Patches: 1
2022-04-19 21:15:14,967 - (68.1% 98:144) - Filename: P5401.png - width: 1024  - height: 1024  - Objects: 23    - Windows: 1     - Patches: 1
2022-04-19 21:15:14,988 - (68.8% 99:144) - Filename: P4355.png - width: 1024  - height: 1024  - Objects: 1     - Windows: 1     - Patches: 1
2022-04-19 21:15:15,134 - (69.4% 100:144) - Filename: P5051.png - width: 1024  - height: 1024  - Objects: 2     - Windows: 1     - Patches: 1
2022-04-19 21:15:15,136 - (70.1% 101:144) - Filename: P5580.png - width: 1024  - height: 1024  - Objects: 43    - Windows: 1     - Patches: 1
2022-04-19 21:15:15,241 - (70.8% 102:144) - Filename: P2954.png - width: 1024  - height: 1024  - Objects: 4     - Windows: 1     - Patches: 1
2022-04-19 21:15:15,315 - (71.5% 103:144) - Filename: P4049.png - width: 1024  - height: 1024  - Objects: 1     - Windows: 1     - Patches: 1
2022-04-19 21:15:15,323 - (72.2% 104:144) - Filename: P4400.png - width: 4096  - height: 4096  - Objects: 165   - Windows: 25    - Patches: 17
2022-04-19 21:15:15,366 - (72.9% 105:144) - Filename: P3081.png - width: 1024  - height: 1024  - Objects: 1     - Windows: 1     - Patches: 1
2022-04-19 21:15:15,429 - (73.6% 106:144) - Filename: P4470.png - width: 1024  - height: 1024  - Objects: 1     - Windows: 1     - Patches: 1
2022-04-19 21:15:15,612 - (74.3% 107:144) - Filename: P3383.png - width: 1024  - height: 1024  - Objects: 2     - Windows: 1     - Patches: 1
2022-04-19 21:15:15,658 - (75.0% 108:144) - Filename: P4625.png - width: 1024  - height: 1024  - Objects: 1     - Windows: 1     - Patches: 1
2022-04-19 21:15:15,858 - (75.7% 109:144) - Filename: P3305.png - width: 1024  - height: 1024  - Objects: 1     - Windows: 1     - Patches: 1
2022-04-19 21:15:15,942 - (76.4% 110:144) - Filename: P3982.png - width: 1024  - height: 1024  - Objects: 2     - Windows: 1     - Patches: 1
2022-04-19 21:15:15,987 - (77.1% 111:144) - Filename: P4992.png - width: 1024  - height: 1024  - Objects: 1     - Windows: 1     - Patches: 1
2022-04-19 21:15:15,989 - (77.8% 112:144) - Filename: P3464.png - width: 1024  - height: 1024  - Objects: 1     - Windows: 1     - Patches: 1
2022-04-19 21:15:16,232 - (78.5% 113:144) - Filename: P3993.png - width: 1024  - height: 1024  - Objects: 1     - Windows: 1     - Patches: 1
2022-04-19 21:15:16,309 - (79.2% 114:144) - Filename: P3474.png - width: 1024  - height: 1024  - Objects: 1     - Windows: 1     - Patches: 1
2022-04-19 21:15:16,338 - (79.9% 115:144) - Filename: P5335.png - width: 1024  - height: 1024  - Objects: 1     - Windows: 1     - Patches: 1
2022-04-19 21:15:16,549 - (80.6% 116:144) - Filename: P3425.png - width: 1024  - height: 1024  - Objects: 70    - Windows: 1     - Patches: 1
2022-04-19 21:15:16,596 - (81.2% 117:144) - Filename: P3933.png - width: 1024  - height: 1024  - Objects: 3     - Windows: 1     - Patches: 1
2022-04-19 21:15:16,995 - (81.9% 118:144) - Filename: P5472.png - width: 1024  - height: 1024  - Objects: 1     - Windows: 1     - Patches: 1
2022-04-19 21:15:17,493 - (82.6% 119:144) - Filename: P4946.png - width: 4097  - height: 4096  - Objects: 86    - Windows: 25    - Patches: 13
2022-04-19 21:15:17,561 - (83.3% 120:144) - Filename: P4851.png - width: 4096  - height: 4096  - Objects: 113   - Windows: 25    - Patches: 22
2022-04-19 21:15:17,789 - (84.0% 121:144) - Filename: P2809.png - width: 1024  - height: 1024  - Objects: 1     - Windows: 1     - Patches: 1
2022-04-19 21:15:17,834 - (84.7% 122:144) - Filename: P2987.png - width: 1024  - height: 1024  - Objects: 1     - Windows: 1     - Patches: 1
2022-04-19 21:15:19,603 - (85.4% 123:144) - Filename: P3397.png - width: 4096  - height: 4096  - Objects: 885   - Windows: 25    - Patches: 23
2022-04-19 21:15:20,055 - (86.1% 124:144) - Filename: P3147.png - width: 1024  - height: 1024  - Objects: 1     - Windows: 1     - Patches: 1
2022-04-19 21:15:20,449 - (86.8% 125:144) - Filename: P4724.png - width: 7360  - height: 4912  - Objects: 170   - Windows: 54    - Patches: 39
2022-04-19 21:15:20,523 - (87.5% 126:144) - Filename: P5593.png - width: 4096  - height: 4096  - Objects: 3356  - Windows: 25    - Patches: 23
2022-04-19 21:15:20,693 - (88.2% 127:144) - Filename: P5297.png - width: 1024  - height: 1024  - Objects: 2     - Windows: 1     - Patches: 1
2022-04-19 21:15:20,818 - (88.9% 128:144) - Filename: P3483.png - width: 1024  - height: 1024  - Objects: 1     - Windows: 1     - Patches: 1
2022-04-19 21:15:21,197 - (89.6% 129:144) - Filename: P4464.png - width: 7360  - height: 4912  - Objects: 248   - Windows: 54    - Patches: 49
2022-04-19 21:15:21,276 - (90.3% 130:144) - Filename: P3221.png - width: 4097  - height: 4096  - Objects: 2338  - Windows: 25    - Patches: 24
2022-04-19 21:15:21,386 - (91.0% 131:144) - Filename: P4987.png - width: 1024  - height: 1024  - Objects: 1     - Windows: 1     - Patches: 1
2022-04-19 21:15:21,663 - (91.7% 132:144) - Filename: P5102.png - width: 7360  - height: 4912  - Objects: 311   - Windows: 54    - Patches: 39
2022-04-19 21:15:21,680 - (92.4% 133:144) - Filename: P3065.png - width: 7360  - height: 4912  - Objects: 371   - Windows: 54    - Patches: 47
2022-04-19 21:15:21,727 - (93.1% 134:144) - Filename: P4746.png - width: 7360  - height: 4912  - Objects: 342   - Windows: 54    - Patches: 50
2022-04-19 21:15:21,765 - (93.8% 135:144) - Filename: P5392.png - width: 7360  - height: 4912  - Objects: 267   - Windows: 54    - Patches: 46
2022-04-19 21:15:21,845 - (94.4% 136:144) - Filename: P3701.png - width: 1024  - height: 1024  - Objects: 1     - Windows: 1     - Patches: 1
2022-04-19 21:15:22,342 - (95.1% 137:144) - Filename: P4076.png - width: 4097  - height: 4096  - Objects: 9889  - Windows: 25    - Patches: 25
2022-04-19 21:15:22,571 - (95.8% 138:144) - Filename: P5502.png - width: 1024  - height: 1024  - Objects: 1     - Windows: 1     - Patches: 1
2022-04-19 21:15:22,575 - (96.5% 139:144) - Filename: P4337.png - width: 1024  - height: 1024  - Objects: 1     - Windows: 1     - Patches: 1
2022-04-19 21:15:23,067 - (97.2% 140:144) - Filename: P5195.png - width: 7360  - height: 4912  - Objects: 581   - Windows: 54    - Patches: 49
2022-04-19 21:15:23,577 - (97.9% 141:144) - Filename: P5034.png - width: 7360  - height: 4912  - Objects: 599   - Windows: 54    - Patches: 53
2022-04-19 21:15:23,696 - (98.6% 142:144) - Filename: P3555.png - width: 7360  - height: 4912  - Objects: 512   - Windows: 54    - Patches: 51
2022-04-19 21:15:52,553 - (99.3% 143:144) - Filename: P5203.png - width: 29200 - height: 27620 - Objects: 675   - Windows: 1224  - Patches: 256
2022-04-19 21:16:09,830 - (100.0% 144:144) - Filename: P3536.png - width: 29200 - height: 27620 - Objects: 2031  - Windows: 1224  - Patches: 250
2022-04-19 21:16:09,841 - Finish splitting images in 58 second!!!
2022-04-19 21:16:09,841 - Total images number: 1202
2022-04-19 21:16:09,842 - {
    "nproc": 20,
    "load_type": "dota",
    "img_dirs": [
        "/esat/drejo/r0773655/thesis/data/DOTA2_0/train/images/part4"
    ],
    "ann_dirs": [
        "/esat/drejo/r0773655/thesis/data/DOTA2_0/train/labelTxt-v2.0/DOTA-v2.0_train"
    ],
    "classes": "dota2.0",
    "prior_annfile": null,
    "merge_type": "addition",
    "sizes": [
        1024
    ],
    "gaps": [
        200
    ],
    "rates": [
        1.0
    ],
    "img_rate_thr": 0.6,
    "iof_thr": 0.7,
    "no_padding": false,
    "padding_value": [
        104,
        116,
        124
    ],
    "filter_empty": true,
    "save_dir": "/esat/drejo/r0773655/thesis/data/DOTA2_0_split_default/train/part4",
    "save_ext": ".png"
}
