2022-04-19 21:17:49,395 - (0.5% 1:210) - Filename: P9314.png - width: 1024  - height: 1024  - Objects: 2     - Windows: 1     - Patches: 1
2022-04-19 21:17:49,589 - (1.0% 2:210) - Filename: P9365.png - width: 1024  - height: 1024  - Objects: 9     - Windows: 1     - Patches: 1
2022-04-19 21:17:49,650 - (1.4% 3:210) - Filename: P7600.png - width: 1024  - height: 1024  - Objects: 2     - Windows: 1     - Patches: 1
2022-04-19 21:17:49,691 - (1.9% 4:210) - Filename: P7945.png - width: 1024  - height: 1024  - Objects: 1     - Windows: 1     - Patches: 1
2022-04-19 21:17:49,903 - (2.4% 5:210) - Filename: P7134.png - width: 1024  - height: 1024  - Objects: 1     - Windows: 1     - Patches: 1
2022-04-19 21:17:49,950 - (2.9% 6:210) - Filename: P5987.png - width: 1024  - height: 1024  - Objects: 3     - Windows: 1     - Patches: 1
2022-04-19 21:17:49,973 - (3.3% 7:210) - Filename: P6857.png - width: 1024  - height: 1024  - Objects: 1     - Windows: 1     - Patches: 1
2022-04-19 21:17:50,014 - (3.8% 8:210) - Filename: P6922.png - width: 1024  - height: 1024  - Objects: 25    - Windows: 1     - Patches: 1
2022-04-19 21:17:50,069 - (4.3% 9:210) - Filename: P9072.png - width: 1024  - height: 1024  - Objects: 52    - Windows: 1     - Patches: 1
2022-04-19 21:17:50,129 - (4.8% 10:210) - Filename: P8625.png - width: 1024  - height: 1024  - Objects: 1     - Windows: 1     - Patches: 1
2022-04-19 21:17:50,189 - (5.2% 11:210) - Filename: P7487.png - width: 1024  - height: 1024  - Objects: 1     - Windows: 1     - Patches: 1
2022-04-19 21:17:50,229 - (5.7% 12:210) - Filename: P5797.png - width: 1024  - height: 1024  - Objects: 7     - Windows: 1     - Patches: 1
2022-04-19 21:17:50,788 - (6.2% 13:210) - Filename: P9590.png - width: 1024  - height: 1024  - Objects: 2     - Windows: 1     - Patches: 1
2022-04-19 21:17:50,808 - (6.7% 14:210) - Filename: P6301.png - width: 1435  - height: 2106  - Objects: 18    - Windows: 6     - Patches: 6
2022-04-19 21:17:50,871 - (7.1% 15:210) - Filename: P6087.png - width: 1024  - height: 1024  - Objects: 135   - Windows: 1     - Patches: 1
2022-04-19 21:17:50,933 - (7.6% 16:210) - Filename: P9701.png - width: 1024  - height: 1024  - Objects: 71    - Windows: 1     - Patches: 1
2022-04-19 21:17:51,011 - (8.1% 17:210) - Filename: P5916.png - width: 1024  - height: 1024  - Objects: 3     - Windows: 1     - Patches: 1
2022-04-19 21:17:51,085 - (8.6% 18:210) - Filename: P6479.png - width: 1024  - height: 1024  - Objects: 3     - Windows: 1     - Patches: 1
2022-04-19 21:17:51,169 - (9.0% 19:210) - Filename: P9543.png - width: 1024  - height: 1024  - Objects: 2     - Windows: 1     - Patches: 1
2022-04-19 21:17:51,205 - (9.5% 20:210) - Filename: P7376.png - width: 1024  - height: 1024  - Objects: 1     - Windows: 1     - Patches: 1
2022-04-19 21:17:51,277 - (10.0% 21:210) - Filename: P7371.png - width: 1024  - height: 1024  - Objects: 2     - Windows: 1     - Patches: 1
2022-04-19 21:17:51,601 - (10.5% 22:210) - Filename: P6550.png - width: 1024  - height: 1024  - Objects: 5     - Windows: 1     - Patches: 1
2022-04-19 21:17:51,748 - (11.0% 23:210) - Filename: P8959.png - width: 1024  - height: 1024  - Objects: 1     - Windows: 1     - Patches: 1
2022-04-19 21:17:51,858 - (11.4% 24:210) - Filename: P6728.png - width: 1024  - height: 1024  - Objects: 16    - Windows: 1     - Patches: 1
2022-04-19 21:17:51,888 - (11.9% 25:210) - Filename: P8044.png - width: 1024  - height: 1024  - Objects: 1     - Windows: 1     - Patches: 1
2022-04-19 21:17:51,989 - (12.4% 26:210) - Filename: P6953.png - width: 1024  - height: 1024  - Objects: 30    - Windows: 1     - Patches: 1
2022-04-19 21:17:52,499 - (12.9% 27:210) - Filename: P6853.png - width: 1024  - height: 1024  - Objects: 17    - Windows: 1     - Patches: 1
2022-04-19 21:17:53,061 - (13.3% 28:210) - Filename: P9215.png - width: 1024  - height: 1024  - Objects: 1     - Windows: 1     - Patches: 1
2022-04-19 21:17:53,062 - (13.8% 29:210) - Filename: P9235.png - width: 1024  - height: 1024  - Objects: 3     - Windows: 1     - Patches: 1
2022-04-19 21:17:53,093 - (14.3% 30:210) - Filename: P9529.png - width: 1024  - height: 1024  - Objects: 2     - Windows: 1     - Patches: 1
2022-04-19 21:17:53,123 - (14.8% 31:210) - Filename: P9862.png - width: 1024  - height: 1024  - Objects: 2     - Windows: 1     - Patches: 1
2022-04-19 21:17:53,254 - (15.2% 32:210) - Filename: P6100.png - width: 1024  - height: 1024  - Objects: 9     - Windows: 1     - Patches: 1
2022-04-19 21:17:53,262 - (15.7% 33:210) - Filename: P7072.png - width: 1024  - height: 1024  - Objects: 1     - Windows: 1     - Patches: 1
2022-04-19 21:17:53,408 - (16.2% 34:210) - Filename: P7092.png - width: 1024  - height: 1024  - Objects: 2     - Windows: 1     - Patches: 1
2022-04-19 21:17:53,525 - (16.7% 35:210) - Filename: P9576.png - width: 1024  - height: 1024  - Objects: 2     - Windows: 1     - Patches: 1
2022-04-19 21:17:53,629 - (17.1% 36:210) - Filename: P6086.png - width: 1024  - height: 1024  - Objects: 1     - Windows: 1     - Patches: 1
2022-04-19 21:17:53,775 - (17.6% 37:210) - Filename: P7309.png - width: 1024  - height: 1024  - Objects: 5     - Windows: 1     - Patches: 1
2022-04-19 21:17:53,797 - (18.1% 38:210) - Filename: P8639.png - width: 1024  - height: 1024  - Objects: 1     - Windows: 1     - Patches: 1
2022-04-19 21:17:53,801 - (18.6% 39:210) - Filename: P7824.png - width: 1024  - height: 1024  - Objects: 1     - Windows: 1     - Patches: 1
2022-04-19 21:17:53,896 - (19.0% 40:210) - Filename: P7821.png - width: 1024  - height: 1024  - Objects: 1     - Windows: 1     - Patches: 1
2022-04-19 21:17:53,926 - (19.5% 41:210) - Filename: P6220.png - width: 1024  - height: 1024  - Objects: 1     - Windows: 1     - Patches: 1
2022-04-19 21:17:54,007 - (20.0% 42:210) - Filename: P7089.png - width: 1024  - height: 1024  - Objects: 1     - Windows: 1     - Patches: 1
2022-04-19 21:17:54,236 - (20.5% 43:210) - Filename: P8524.png - width: 1024  - height: 1024  - Objects: 1     - Windows: 1     - Patches: 1
2022-04-19 21:17:54,237 - (21.0% 44:210) - Filename: P8089.png - width: 1024  - height: 1024  - Objects: 3     - Windows: 1     - Patches: 1
2022-04-19 21:17:54,796 - (21.4% 45:210) - Filename: P8138.png - width: 1024  - height: 1024  - Objects: 4     - Windows: 1     - Patches: 1
2022-04-19 21:17:55,029 - (21.9% 46:210) - Filename: P6294.png - width: 1024  - height: 1024  - Objects: 1     - Windows: 1     - Patches: 1
2022-04-19 21:17:55,205 - (22.4% 47:210) - Filename: P7588.png - width: 1024  - height: 1024  - Objects: 1     - Windows: 1     - Patches: 1
2022-04-19 21:17:55,375 - (22.9% 48:210) - Filename: P6617.png - width: 1024  - height: 1024  - Objects: 2     - Windows: 1     - Patches: 1
2022-04-19 21:17:55,756 - (23.3% 49:210) - Filename: P7040.png - width: 1024  - height: 1024  - Objects: 1     - Windows: 1     - Patches: 1
2022-04-19 21:17:56,107 - (23.8% 50:210) - Filename: P5812.png - width: 1024  - height: 1024  - Objects: 2     - Windows: 1     - Patches: 1
2022-04-19 21:17:56,776 - (24.3% 51:210) - Filename: P8244.png - width: 1024  - height: 1024  - Objects: 2     - Windows: 1     - Patches: 1
2022-04-19 21:17:57,137 - (24.8% 52:210) - Filename: P6534.png - width: 1024  - height: 1024  - Objects: 1     - Windows: 1     - Patches: 1
2022-04-19 21:17:57,521 - (25.2% 53:210) - Filename: P8029.png - width: 1024  - height: 1024  - Objects: 1     - Windows: 1     - Patches: 1
2022-04-19 21:17:57,553 - (25.7% 54:210) - Filename: P9821.png - width: 1024  - height: 1024  - Objects: 1     - Windows: 1     - Patches: 1
2022-04-19 21:17:57,808 - (26.2% 55:210) - Filename: P6723.png - width: 1024  - height: 1024  - Objects: 1     - Windows: 1     - Patches: 1
2022-04-19 21:17:58,047 - (26.7% 56:210) - Filename: P9396.png - width: 1024  - height: 1024  - Objects: 2     - Windows: 1     - Patches: 1
2022-04-19 21:17:58,444 - (27.1% 57:210) - Filename: P7697.png - width: 1024  - height: 1024  - Objects: 1     - Windows: 1     - Patches: 1
2022-04-19 21:17:59,447 - (27.6% 58:210) - Filename: P7704.png - width: 1024  - height: 1024  - Objects: 11    - Windows: 1     - Patches: 1
2022-04-19 21:18:00,104 - (28.1% 59:210) - Filename: P7197.png - width: 1024  - height: 1024  - Objects: 5     - Windows: 1     - Patches: 1
2022-04-19 21:18:00,338 - (28.6% 60:210) - Filename: P7929.png - width: 1024  - height: 1024  - Objects: 1     - Windows: 1     - Patches: 1
2022-04-19 21:18:01,934 - (29.0% 61:210) - Filename: P6422.png - width: 1024  - height: 1024  - Objects: 2     - Windows: 1     - Patches: 1
2022-04-19 21:18:02,343 - (29.5% 62:210) - Filename: P7979.png - width: 1024  - height: 1024  - Objects: 2     - Windows: 1     - Patches: 1
2022-04-19 21:18:02,357 - (30.0% 63:210) - Filename: P8016.png - width: 1024  - height: 1024  - Objects: 124   - Windows: 1     - Patches: 1
2022-04-19 21:18:02,552 - (30.5% 64:210) - Filename: P6033.png - width: 1024  - height: 1024  - Objects: 2     - Windows: 1     - Patches: 1
2022-04-19 21:18:02,639 - (31.0% 65:210) - Filename: P8593.png - width: 1024  - height: 1024  - Objects: 36    - Windows: 1     - Patches: 1
2022-04-19 21:18:03,081 - (31.4% 66:210) - Filename: P6932.png - width: 1024  - height: 1024  - Objects: 4     - Windows: 1     - Patches: 1
2022-04-19 21:18:03,361 - (31.9% 67:210) - Filename: P8654.png - width: 1024  - height: 1024  - Objects: 10    - Windows: 1     - Patches: 1
2022-04-19 21:18:03,483 - (32.4% 68:210) - Filename: P8329.png - width: 1024  - height: 1024  - Objects: 1     - Windows: 1     - Patches: 1
2022-04-19 21:18:03,662 - (32.9% 69:210) - Filename: P5909.png - width: 1024  - height: 1024  - Objects: 33    - Windows: 1     - Patches: 1
2022-04-19 21:18:04,717 - (33.3% 70:210) - Filename: P8179.png - width: 1024  - height: 1024  - Objects: 1     - Windows: 1     - Patches: 1
2022-04-19 21:18:04,984 - (33.8% 71:210) - Filename: P6178.png - width: 1024  - height: 1024  - Objects: 2     - Windows: 1     - Patches: 1
2022-04-19 21:18:05,243 - (34.3% 72:210) - Filename: P8751.png - width: 1024  - height: 1024  - Objects: 1     - Windows: 1     - Patches: 1
2022-04-19 21:18:05,252 - (34.8% 73:210) - Filename: P7659.png - width: 1024  - height: 1024  - Objects: 1     - Windows: 1     - Patches: 1
2022-04-19 21:18:05,579 - (35.2% 74:210) - Filename: P6910.png - width: 1024  - height: 1024  - Objects: 1     - Windows: 1     - Patches: 1
2022-04-19 21:18:06,060 - (35.7% 75:210) - Filename: P9750.png - width: 1024  - height: 1024  - Objects: 13    - Windows: 1     - Patches: 1
2022-04-19 21:18:06,728 - (36.2% 76:210) - Filename: P8090.png - width: 1024  - height: 1024  - Objects: 2     - Windows: 1     - Patches: 1
2022-04-19 21:18:06,864 - (36.7% 77:210) - Filename: P7860.png - width: 1024  - height: 1024  - Objects: 3     - Windows: 1     - Patches: 1
2022-04-19 21:18:07,610 - (37.1% 78:210) - Filename: P7311.png - width: 1024  - height: 1024  - Objects: 5     - Windows: 1     - Patches: 1
2022-04-19 21:18:08,347 - (37.6% 79:210) - Filename: P5869.png - width: 1024  - height: 1024  - Objects: 1     - Windows: 1     - Patches: 1
2022-04-19 21:18:08,912 - (38.1% 80:210) - Filename: P8277.png - width: 4097  - height: 4097  - Objects: 93    - Windows: 25    - Patches: 13
2022-04-19 21:18:09,430 - (38.6% 81:210) - Filename: P9421.png - width: 1024  - height: 1024  - Objects: 1     - Windows: 1     - Patches: 1
2022-04-19 21:18:09,859 - (39.0% 82:210) - Filename: P6330.png - width: 1024  - height: 1024  - Objects: 1     - Windows: 1     - Patches: 1
2022-04-19 21:18:10,510 - (39.5% 83:210) - Filename: P6749.png - width: 1024  - height: 1024  - Objects: 1     - Windows: 1     - Patches: 1
2022-04-19 21:18:10,948 - (40.0% 84:210) - Filename: P7123.png - width: 1024  - height: 1024  - Objects: 1     - Windows: 1     - Patches: 1
2022-04-19 21:18:11,072 - (40.5% 85:210) - Filename: P9582.png - width: 1024  - height: 1024  - Objects: 1     - Windows: 1     - Patches: 1
2022-04-19 21:18:11,154 - (41.0% 86:210) - Filename: P7447.png - width: 1024  - height: 1024  - Objects: 4     - Windows: 1     - Patches: 1
2022-04-19 21:18:11,491 - (41.4% 87:210) - Filename: P8736.png - width: 1024  - height: 1024  - Objects: 104   - Windows: 1     - Patches: 1
2022-04-19 21:18:11,685 - (41.9% 88:210) - Filename: P7885.png - width: 4096  - height: 4096  - Objects: 538   - Windows: 25    - Patches: 24
2022-04-19 21:18:11,995 - (42.4% 89:210) - Filename: P7402.png - width: 1024  - height: 1024  - Objects: 1     - Windows: 1     - Patches: 1
2022-04-19 21:18:12,116 - (42.9% 90:210) - Filename: P6307.png - width: 1024  - height: 1024  - Objects: 2     - Windows: 1     - Patches: 1
2022-04-19 21:18:12,491 - (43.3% 91:210) - Filename: P7651.png - width: 1024  - height: 1024  - Objects: 4     - Windows: 1     - Patches: 1
2022-04-19 21:18:13,398 - (43.8% 92:210) - Filename: P6552.png - width: 1024  - height: 1024  - Objects: 3     - Windows: 1     - Patches: 1
2022-04-19 21:18:13,604 - (44.3% 93:210) - Filename: P6871.png - width: 1024  - height: 1024  - Objects: 3     - Windows: 1     - Patches: 1
2022-04-19 21:18:14,243 - (44.8% 94:210) - Filename: P6460.png - width: 1024  - height: 1024  - Objects: 1     - Windows: 1     - Patches: 1
2022-04-19 21:18:14,374 - (45.2% 95:210) - Filename: P8276.png - width: 1024  - height: 1024  - Objects: 1     - Windows: 1     - Patches: 1
2022-04-19 21:18:14,412 - (45.7% 96:210) - Filename: P6689.png - width: 3038  - height: 2182  - Objects: 1326  - Windows: 12    - Patches: 12
2022-04-19 21:18:14,470 - (46.2% 97:210) - Filename: P7276.png - width: 1024  - height: 1024  - Objects: 1     - Windows: 1     - Patches: 1
2022-04-19 21:18:14,734 - (46.7% 98:210) - Filename: P5801.png - width: 1024  - height: 1024  - Objects: 9     - Windows: 1     - Patches: 1
2022-04-19 21:18:14,838 - (47.1% 99:210) - Filename: P9348.png - width: 1024  - height: 1024  - Objects: 1     - Windows: 1     - Patches: 1
2022-04-19 21:18:15,746 - (47.6% 100:210) - Filename: P7306.png - width: 1024  - height: 1024  - Objects: 1     - Windows: 1     - Patches: 1
2022-04-19 21:18:15,915 - (48.1% 101:210) - Filename: P8127.png - width: 1024  - height: 1024  - Objects: 1     - Windows: 1     - Patches: 1
2022-04-19 21:18:16,063 - (48.6% 102:210) - Filename: P9259.png - width: 1024  - height: 1024  - Objects: 1     - Windows: 1     - Patches: 1
2022-04-19 21:18:16,220 - (49.0% 103:210) - Filename: P7730.png - width: 1024  - height: 1024  - Objects: 1     - Windows: 1     - Patches: 1
2022-04-19 21:18:16,468 - (49.5% 104:210) - Filename: P7152.png - width: 1024  - height: 1024  - Objects: 1     - Windows: 1     - Patches: 1
2022-04-19 21:18:16,802 - (50.0% 105:210) - Filename: P8453.png - width: 1024  - height: 1024  - Objects: 2     - Windows: 1     - Patches: 1
2022-04-19 21:18:16,911 - (50.5% 106:210) - Filename: P9580.png - width: 4096  - height: 4096  - Objects: 85    - Windows: 25    - Patches: 14
2022-04-19 21:18:16,998 - (51.0% 107:210) - Filename: P8876.png - width: 1024  - height: 1024  - Objects: 10    - Windows: 1     - Patches: 1
2022-04-19 21:18:17,089 - (51.4% 108:210) - Filename: P5901.png - width: 1024  - height: 1024  - Objects: 1     - Windows: 1     - Patches: 1
2022-04-19 21:18:17,281 - (51.9% 109:210) - Filename: P8587.png - width: 7360  - height: 4912  - Objects: 741   - Windows: 54    - Patches: 46
2022-04-19 21:18:17,324 - (52.4% 110:210) - Filename: P9751.png - width: 1024  - height: 1024  - Objects: 1     - Windows: 1     - Patches: 1
2022-04-19 21:18:17,502 - (52.9% 111:210) - Filename: P8853.png - width: 1024  - height: 1024  - Objects: 1     - Windows: 1     - Patches: 1
2022-04-19 21:18:17,557 - (53.3% 112:210) - Filename: P7496.png - width: 1024  - height: 1024  - Objects: 3     - Windows: 1     - Patches: 1
2022-04-19 21:18:17,749 - (53.8% 113:210) - Filename: P9809.png - width: 1024  - height: 1024  - Objects: 5     - Windows: 1     - Patches: 1
2022-04-19 21:18:18,604 - (54.3% 114:210) - Filename: P9548.png - width: 1024  - height: 1024  - Objects: 1     - Windows: 1     - Patches: 1
2022-04-19 21:18:18,685 - (54.8% 115:210) - Filename: P8839.png - width: 1024  - height: 1024  - Objects: 1     - Windows: 1     - Patches: 1
2022-04-19 21:18:18,738 - (55.2% 116:210) - Filename: P9770.png - width: 1024  - height: 1024  - Objects: 1     - Windows: 1     - Patches: 1
2022-04-19 21:18:18,872 - (55.7% 117:210) - Filename: P9164.png - width: 1024  - height: 1024  - Objects: 1     - Windows: 1     - Patches: 1
2022-04-19 21:18:18,968 - (56.2% 118:210) - Filename: P8143.png - width: 1024  - height: 1024  - Objects: 3     - Windows: 1     - Patches: 1
2022-04-19 21:18:19,007 - (56.7% 119:210) - Filename: P8507.png - width: 1024  - height: 1024  - Objects: 1     - Windows: 1     - Patches: 1
2022-04-19 21:18:19,355 - (57.1% 120:210) - Filename: P9562.png - width: 1024  - height: 1024  - Objects: 83    - Windows: 1     - Patches: 1
2022-04-19 21:18:19,757 - (57.6% 121:210) - Filename: P7429.png - width: 1024  - height: 1024  - Objects: 10    - Windows: 1     - Patches: 1
2022-04-19 21:18:19,827 - (58.1% 122:210) - Filename: P6297.png - width: 4096  - height: 4096  - Objects: 374   - Windows: 25    - Patches: 25
2022-04-19 21:18:19,906 - (58.6% 123:210) - Filename: P6494.png - width: 3433  - height: 4360  - Objects: 1168  - Windows: 24    - Patches: 20
2022-04-19 21:18:19,958 - (59.0% 124:210) - Filename: P5934.png - width: 1024  - height: 1024  - Objects: 5     - Windows: 1     - Patches: 1
2022-04-19 21:18:19,990 - (59.5% 125:210) - Filename: P6547.png - width: 1024  - height: 1024  - Objects: 1     - Windows: 1     - Patches: 1
2022-04-19 21:18:20,063 - (60.0% 126:210) - Filename: P8444.png - width: 1024  - height: 1024  - Objects: 76    - Windows: 1     - Patches: 1
2022-04-19 21:18:20,157 - (60.5% 127:210) - Filename: P7921.png - width: 1024  - height: 1024  - Objects: 1     - Windows: 1     - Patches: 1
2022-04-19 21:18:20,179 - (61.0% 128:210) - Filename: P9443.png - width: 1024  - height: 1024  - Objects: 2     - Windows: 1     - Patches: 1
2022-04-19 21:18:20,282 - (61.4% 129:210) - Filename: P8336.png - width: 1024  - height: 1024  - Objects: 108   - Windows: 1     - Patches: 1
2022-04-19 21:18:20,522 - (61.9% 130:210) - Filename: P8079.png - width: 1024  - height: 1024  - Objects: 8     - Windows: 1     - Patches: 1
2022-04-19 21:18:20,793 - (62.4% 131:210) - Filename: P8583.png - width: 4392  - height: 4055  - Objects: 412   - Windows: 30    - Patches: 30
2022-04-19 21:18:20,818 - (62.9% 132:210) - Filename: P8760.png - width: 1024  - height: 1024  - Objects: 1     - Windows: 1     - Patches: 1
2022-04-19 21:18:20,942 - (63.3% 133:210) - Filename: P9752.png - width: 1024  - height: 1024  - Objects: 12    - Windows: 1     - Patches: 1
2022-04-19 21:18:21,010 - (63.8% 134:210) - Filename: P7466.png - width: 1024  - height: 1024  - Objects: 1     - Windows: 1     - Patches: 1
2022-04-19 21:18:21,088 - (64.3% 135:210) - Filename: P6249.png - width: 1024  - height: 1024  - Objects: 1     - Windows: 1     - Patches: 1
2022-04-19 21:18:21,337 - (64.8% 136:210) - Filename: P8490.png - width: 1024  - height: 1024  - Objects: 1     - Windows: 1     - Patches: 1
2022-04-19 21:18:21,360 - (65.2% 137:210) - Filename: P5816.png - width: 1024  - height: 1024  - Objects: 1     - Windows: 1     - Patches: 1
2022-04-19 21:18:21,458 - (65.7% 138:210) - Filename: P9075.png - width: 1024  - height: 1024  - Objects: 1     - Windows: 1     - Patches: 1
2022-04-19 21:18:21,816 - (66.2% 139:210) - Filename: P9605.png - width: 1024  - height: 1024  - Objects: 1     - Windows: 1     - Patches: 1
2022-04-19 21:18:22,403 - (66.7% 140:210) - Filename: P5770.png - width: 1024  - height: 1024  - Objects: 4     - Windows: 1     - Patches: 1
2022-04-19 21:18:22,711 - (67.1% 141:210) - Filename: P7897.png - width: 1024  - height: 1024  - Objects: 2     - Windows: 1     - Patches: 1
2022-04-19 21:18:23,112 - (67.6% 142:210) - Filename: P7750.png - width: 1024  - height: 1024  - Objects: 1     - Windows: 1     - Patches: 1
2022-04-19 21:18:23,151 - (68.1% 143:210) - Filename: P8204.png - width: 7360  - height: 4912  - Objects: 487   - Windows: 54    - Patches: 54
2022-04-19 21:18:23,206 - (68.6% 144:210) - Filename: P5951.png - width: 1024  - height: 1024  - Objects: 1     - Windows: 1     - Patches: 1
2022-04-19 21:18:23,293 - (69.0% 145:210) - Filename: P9353.png - width: 1024  - height: 1024  - Objects: 5     - Windows: 1     - Patches: 1
2022-04-19 21:18:23,372 - (69.5% 146:210) - Filename: P7931.png - width: 1024  - height: 1024  - Objects: 1     - Windows: 1     - Patches: 1
2022-04-19 21:18:23,477 - (70.0% 147:210) - Filename: P9645.png - width: 7360  - height: 4912  - Objects: 615   - Windows: 54    - Patches: 42
2022-04-19 21:18:23,498 - (70.5% 148:210) - Filename: P6657.png - width: 1024  - height: 1024  - Objects: 2     - Windows: 1     - Patches: 1
2022-04-19 21:18:23,757 - (71.0% 149:210) - Filename: P6734.png - width: 1024  - height: 1024  - Objects: 2     - Windows: 1     - Patches: 1
2022-04-19 21:18:24,232 - (71.4% 150:210) - Filename: P9063.png - width: 1024  - height: 1024  - Objects: 2     - Windows: 1     - Patches: 1
2022-04-19 21:18:24,427 - (71.9% 151:210) - Filename: P8126.png - width: 1024  - height: 1024  - Objects: 1     - Windows: 1     - Patches: 1
2022-04-19 21:18:25,104 - (72.4% 152:210) - Filename: P6722.png - width: 1024  - height: 1024  - Objects: 1     - Windows: 1     - Patches: 1
2022-04-19 21:18:25,245 - (72.9% 153:210) - Filename: P7584.png - width: 7360  - height: 4912  - Objects: 431   - Windows: 54    - Patches: 48
2022-04-19 21:18:25,658 - (73.3% 154:210) - Filename: P5833.png - width: 1024  - height: 1024  - Objects: 1     - Windows: 1     - Patches: 1
2022-04-19 21:18:26,121 - (73.8% 155:210) - Filename: P6962.png - width: 1024  - height: 1024  - Objects: 1     - Windows: 1     - Patches: 1
2022-04-19 21:18:26,289 - (74.3% 156:210) - Filename: P9086.png - width: 4096  - height: 4096  - Objects: 1     - Windows: 25    - Patches: 2
2022-04-19 21:18:26,890 - (74.8% 157:210) - Filename: P9384.png - width: 1024  - height: 1024  - Objects: 2     - Windows: 1     - Patches: 1
2022-04-19 21:18:27,208 - (75.2% 158:210) - Filename: P8819.png - width: 1024  - height: 1024  - Objects: 1     - Windows: 1     - Patches: 1
2022-04-19 21:18:27,386 - (75.7% 159:210) - Filename: P7476.png - width: 7360  - height: 4912  - Objects: 388   - Windows: 54    - Patches: 48
2022-04-19 21:18:27,458 - (76.2% 160:210) - Filename: P7442.png - width: 7360  - height: 4912  - Objects: 372   - Windows: 54    - Patches: 51
2022-04-19 21:18:29,035 - (76.7% 161:210) - Filename: P7586.png - width: 1024  - height: 1024  - Objects: 1     - Windows: 1     - Patches: 1
2022-04-19 21:18:29,216 - (77.1% 162:210) - Filename: P6116.png - width: 1024  - height: 1024  - Objects: 2     - Windows: 1     - Patches: 1
2022-04-19 21:18:29,220 - (77.6% 163:210) - Filename: P7585.png - width: 1024  - height: 1024  - Objects: 4     - Windows: 1     - Patches: 1
2022-04-19 21:18:29,227 - (78.1% 164:210) - Filename: P8967.png - width: 1024  - height: 1024  - Objects: 28    - Windows: 1     - Patches: 1
2022-04-19 21:18:29,775 - (78.6% 165:210) - Filename: P9517.png - width: 1024  - height: 1024  - Objects: 3     - Windows: 1     - Patches: 1
2022-04-19 21:18:30,240 - (79.0% 166:210) - Filename: P8236.png - width: 1024  - height: 1024  - Objects: 1     - Windows: 1     - Patches: 1
2022-04-19 21:18:30,345 - (79.5% 167:210) - Filename: P7592.png - width: 1024  - height: 1024  - Objects: 11    - Windows: 1     - Patches: 1
2022-04-19 21:18:31,296 - (80.0% 168:210) - Filename: P6787.png - width: 1024  - height: 1024  - Objects: 6     - Windows: 1     - Patches: 1
2022-04-19 21:18:31,525 - (80.5% 169:210) - Filename: P8605.png - width: 1024  - height: 1024  - Objects: 1     - Windows: 1     - Patches: 1
2022-04-19 21:18:32,230 - (81.0% 170:210) - Filename: P9347.png - width: 7360  - height: 4912  - Objects: 460   - Windows: 54    - Patches: 49
2022-04-19 21:18:32,603 - (81.4% 171:210) - Filename: P7209.png - width: 1024  - height: 1024  - Objects: 2     - Windows: 1     - Patches: 1
2022-04-19 21:18:33,071 - (81.9% 172:210) - Filename: P6525.png - width: 4097  - height: 4096  - Objects: 6220  - Windows: 25    - Patches: 25
2022-04-19 21:18:33,422 - (82.4% 173:210) - Filename: P9171.png - width: 1024  - height: 1024  - Objects: 1     - Windows: 1     - Patches: 1
2022-04-19 21:18:33,588 - (82.9% 174:210) - Filename: P9134.png - width: 1024  - height: 1024  - Objects: 9     - Windows: 1     - Patches: 1
2022-04-19 21:18:34,169 - (83.3% 175:210) - Filename: P6642.png - width: 1024  - height: 1024  - Objects: 1     - Windows: 1     - Patches: 1
2022-04-19 21:18:35,168 - (83.8% 176:210) - Filename: P6332.png - width: 1024  - height: 1024  - Objects: 1     - Windows: 1     - Patches: 1
2022-04-19 21:18:35,582 - (84.3% 177:210) - Filename: P8491.png - width: 1024  - height: 1024  - Objects: 3     - Windows: 1     - Patches: 1
2022-04-19 21:18:36,094 - (84.8% 178:210) - Filename: P7255.png - width: 1024  - height: 1024  - Objects: 3     - Windows: 1     - Patches: 1
2022-04-19 21:18:36,402 - (85.2% 179:210) - Filename: P9478.png - width: 1024  - height: 1024  - Objects: 2     - Windows: 1     - Patches: 1
2022-04-19 21:18:36,438 - (85.7% 180:210) - Filename: P8036.png - width: 1024  - height: 1024  - Objects: 1     - Windows: 1     - Patches: 1
2022-04-19 21:18:36,670 - (86.2% 181:210) - Filename: P6380.png - width: 1024  - height: 1024  - Objects: 1     - Windows: 1     - Patches: 1
2022-04-19 21:18:37,049 - (86.7% 182:210) - Filename: P7042.png - width: 1024  - height: 1024  - Objects: 1     - Windows: 1     - Patches: 1
2022-04-19 21:18:37,084 - (87.1% 183:210) - Filename: P7320.png - width: 1024  - height: 1024  - Objects: 3     - Windows: 1     - Patches: 1
2022-04-19 21:18:37,402 - (87.6% 184:210) - Filename: P5760.png - width: 7360  - height: 4912  - Objects: 342   - Windows: 54    - Patches: 50
2022-04-19 21:18:37,596 - (88.1% 185:210) - Filename: P6571.png - width: 1024  - height: 1024  - Objects: 2     - Windows: 1     - Patches: 1
2022-04-19 21:18:37,788 - (88.6% 186:210) - Filename: P6420.png - width: 1024  - height: 1024  - Objects: 1     - Windows: 1     - Patches: 1
2022-04-19 21:18:38,178 - (89.0% 187:210) - Filename: P8065.png - width: 1024  - height: 1024  - Objects: 2     - Windows: 1     - Patches: 1
2022-04-19 21:18:38,330 - (89.5% 188:210) - Filename: P5733.png - width: 4096  - height: 4096  - Objects: 1275  - Windows: 25    - Patches: 21
2022-04-19 21:18:38,547 - (90.0% 189:210) - Filename: P8047.png - width: 1024  - height: 1024  - Objects: 1     - Windows: 1     - Patches: 1
2022-04-19 21:18:39,794 - (90.5% 190:210) - Filename: P7843.png - width: 4096  - height: 4096  - Objects: 1     - Windows: 25    - Patches: 2
2022-04-19 21:18:42,236 - (91.0% 191:210) - Filename: P5819.png - width: 1024  - height: 1024  - Objects: 5     - Windows: 1     - Patches: 1
2022-04-19 21:18:43,178 - (91.4% 192:210) - Filename: P8489.png - width: 1024  - height: 1024  - Objects: 1     - Windows: 1     - Patches: 1
2022-04-19 21:18:46,603 - (91.9% 193:210) - Filename: P8461.png - width: 7360  - height: 4912  - Objects: 196   - Windows: 54    - Patches: 27
2022-04-19 21:18:46,683 - (92.4% 194:210) - Filename: P9547.png - width: 1024  - height: 1024  - Objects: 3     - Windows: 1     - Patches: 1
2022-04-19 21:18:51,120 - (92.9% 195:210) - Filename: P7581.png - width: 3765  - height: 3270  - Objects: 2350  - Windows: 20    - Patches: 20
2022-04-19 21:18:55,592 - (93.3% 196:210) - Filename: P7763.png - width: 4096  - height: 4096  - Objects: 4050  - Windows: 25    - Patches: 24
2022-04-19 21:18:59,091 - (93.8% 197:210) - Filename: P8750.png - width: 1024  - height: 1024  - Objects: 11    - Windows: 1     - Patches: 1
2022-04-19 21:19:01,245 - (94.3% 198:210) - Filename: P9018.png - width: 7360  - height: 4912  - Objects: 315   - Windows: 54    - Patches: 20
2022-04-19 21:19:02,328 - (94.8% 199:210) - Filename: P7158.png - width: 1024  - height: 1024  - Objects: 13    - Windows: 1     - Patches: 1
2022-04-19 21:19:03,420 - (95.2% 200:210) - Filename: P9860.png - width: 1024  - height: 1024  - Objects: 1     - Windows: 1     - Patches: 1
2022-04-19 21:19:07,073 - (95.7% 201:210) - Filename: P6281.png - width: 7360  - height: 4912  - Objects: 345   - Windows: 54    - Patches: 37
2022-04-19 21:19:11,479 - (96.2% 202:210) - Filename: P8003.png - width: 7360  - height: 4912  - Objects: 434   - Windows: 54    - Patches: 43
2022-04-19 21:19:14,393 - (96.7% 203:210) - Filename: P6476.png - width: 1024  - height: 1024  - Objects: 1     - Windows: 1     - Patches: 1
2022-04-19 21:19:15,889 - (97.1% 204:210) - Filename: P8865.png - width: 1024  - height: 1024  - Objects: 2     - Windows: 1     - Patches: 1
2022-04-19 21:19:19,883 - (97.6% 205:210) - Filename: P8168.png - width: 4097  - height: 4096  - Objects: 954   - Windows: 25    - Patches: 24
2022-04-19 21:19:20,968 - (98.1% 206:210) - Filename: P9337.png - width: 7360  - height: 4912  - Objects: 172   - Windows: 54    - Patches: 38
2022-04-19 21:20:15,093 - (98.6% 207:210) - Filename: P9847.png - width: 29200 - height: 27620 - Objects: 951   - Windows: 1224  - Patches: 149
2022-04-19 21:20:15,223 - (99.0% 208:210) - Filename: P6484.png - width: 1024  - height: 1024  - Objects: 20    - Windows: 1     - Patches: 1
2022-04-19 21:20:15,376 - (99.5% 209:210) - Filename: P6978.png - width: 1024  - height: 1024  - Objects: 1     - Windows: 1     - Patches: 1
2022-04-19 21:20:28,116 - (100.0% 210:210) - Filename: P6637.png - width: 29200 - height: 27619 - Objects: 710   - Windows: 1224  - Patches: 288
2022-04-19 21:20:28,127 - Finish splitting images in 158 second!!!
2022-04-19 21:20:28,128 - Total images number: 1432
2022-04-19 21:20:28,128 - {
    "nproc": 20,
    "load_type": "dota",
    "img_dirs": [
        "/esat/drejo/r0773655/thesis/data/DOTA2_0/train/images/part5"
    ],
    "ann_dirs": [
        "/esat/drejo/r0773655/thesis/data/DOTA2_0/train/labelTxt-v2.0/DOTA-v2.0_train"
    ],
    "classes": "dota2.0",
    "prior_annfile": null,
    "merge_type": "addition",
    "sizes": [
        1024
    ],
    "gaps": [
        200
    ],
    "rates": [
        1.0
    ],
    "img_rate_thr": 0.6,
    "iof_thr": 0.7,
    "no_padding": false,
    "padding_value": [
        104,
        116,
        124
    ],
    "filter_empty": true,
    "save_dir": "/esat/drejo/r0773655/thesis/data/DOTA2_0_split_default/train/part5",
    "save_ext": ".png"
}
