2022-04-19 21:21:00,462 - (1.5% 1:65) - Filename: P10250.png - width: 1024  - height: 1024  - Objects: 2     - Windows: 1     - Patches: 1
2022-04-19 21:21:00,546 - (3.1% 2:65) - Filename: P10600.png - width: 1024  - height: 1024  - Objects: 1     - Windows: 1     - Patches: 1
2022-04-19 21:21:00,617 - (4.6% 3:65) - Filename: P10943.png - width: 1024  - height: 1024  - Objects: 1     - Windows: 1     - Patches: 1
2022-04-19 21:21:00,739 - (6.2% 4:65) - Filename: P10398.png - width: 1024  - height: 1024  - Objects: 4     - Windows: 1     - Patches: 1
2022-04-19 21:21:01,233 - (7.7% 5:65) - Filename: P10003.png - width: 1024  - height: 1024  - Objects: 1     - Windows: 1     - Patches: 1
2022-04-19 21:21:01,263 - (9.2% 6:65) - Filename: P10203.png - width: 1024  - height: 1024  - Objects: 1     - Windows: 1     - Patches: 1
2022-04-19 21:21:01,293 - (10.8% 7:65) - Filename: P10839.png - width: 1024  - height: 1024  - Objects: 1     - Windows: 1     - Patches: 1
2022-04-19 21:21:01,469 - (12.3% 8:65) - Filename: P10084.png - width: 1024  - height: 1024  - Objects: 6     - Windows: 1     - Patches: 1
2022-04-19 21:21:01,587 - (13.8% 9:65) - Filename: P10308.png - width: 1024  - height: 1024  - Objects: 42    - Windows: 1     - Patches: 1
2022-04-19 21:21:01,589 - (15.4% 10:65) - Filename: P10408.png - width: 1024  - height: 1024  - Objects: 1     - Windows: 1     - Patches: 1
2022-04-19 21:21:01,647 - (16.9% 11:65) - Filename: P11083.png - width: 1024  - height: 1024  - Objects: 2     - Windows: 1     - Patches: 1
2022-04-19 21:21:01,698 - (18.5% 12:65) - Filename: P11039.png - width: 1024  - height: 1024  - Objects: 2     - Windows: 1     - Patches: 1
2022-04-19 21:21:02,173 - (20.0% 13:65) - Filename: P9901.png - width: 1024  - height: 1024  - Objects: 1     - Windows: 1     - Patches: 1
2022-04-19 21:21:02,313 - (21.5% 14:65) - Filename: P10792.png - width: 1024  - height: 1024  - Objects: 4     - Windows: 1     - Patches: 1
2022-04-19 21:21:02,316 - (23.1% 15:65) - Filename: P10798.png - width: 1024  - height: 1024  - Objects: 1     - Windows: 1     - Patches: 1
2022-04-19 21:21:02,530 - (24.6% 16:65) - Filename: P10766.png - width: 1024  - height: 1024  - Objects: 2     - Windows: 1     - Patches: 1
2022-04-19 21:21:02,822 - (26.2% 17:65) - Filename: P10214.png - width: 1024  - height: 1024  - Objects: 1     - Windows: 1     - Patches: 1
2022-04-19 21:21:02,907 - (27.7% 18:65) - Filename: P10990.png - width: 1024  - height: 1024  - Objects: 1     - Windows: 1     - Patches: 1
2022-04-19 21:21:03,052 - (29.2% 19:65) - Filename: P10574.png - width: 1024  - height: 1024  - Objects: 2     - Windows: 1     - Patches: 1
2022-04-19 21:21:03,422 - (30.8% 20:65) - Filename: P11018.png - width: 1024  - height: 1024  - Objects: 1     - Windows: 1     - Patches: 1
2022-04-19 21:21:03,967 - (32.3% 21:65) - Filename: P10572.png - width: 1024  - height: 1024  - Objects: 2     - Windows: 1     - Patches: 1
2022-04-19 21:21:04,042 - (33.8% 22:65) - Filename: P9895.png - width: 1024  - height: 1024  - Objects: 215   - Windows: 1     - Patches: 1
2022-04-19 21:21:04,313 - (35.4% 23:65) - Filename: P10466.png - width: 1024  - height: 1024  - Objects: 3     - Windows: 1     - Patches: 1
2022-04-19 21:21:04,338 - (36.9% 24:65) - Filename: P10259.png - width: 1024  - height: 1024  - Objects: 1     - Windows: 1     - Patches: 1
2022-04-19 21:21:04,696 - (38.5% 25:65) - Filename: P10122.png - width: 1024  - height: 1024  - Objects: 1     - Windows: 1     - Patches: 1
2022-04-19 21:21:05,004 - (40.0% 26:65) - Filename: P10634.png - width: 1024  - height: 1024  - Objects: 16    - Windows: 1     - Patches: 1
2022-04-19 21:21:05,014 - (41.5% 27:65) - Filename: P11063.png - width: 1024  - height: 1024  - Objects: 6     - Windows: 1     - Patches: 1
2022-04-19 21:21:05,216 - (43.1% 28:65) - Filename: P10472.png - width: 1024  - height: 1024  - Objects: 1     - Windows: 1     - Patches: 1
2022-04-19 21:21:05,607 - (44.6% 29:65) - Filename: P10984.png - width: 1024  - height: 1024  - Objects: 12    - Windows: 1     - Patches: 1
2022-04-19 21:21:05,833 - (46.2% 30:65) - Filename: P10184.png - width: 1024  - height: 1024  - Objects: 1     - Windows: 1     - Patches: 1
2022-04-19 21:21:05,940 - (47.7% 31:65) - Filename: P10485.png - width: 1024  - height: 1024  - Objects: 5     - Windows: 1     - Patches: 1
2022-04-19 21:21:05,957 - (49.2% 32:65) - Filename: P10530.png - width: 1024  - height: 1024  - Objects: 1     - Windows: 1     - Patches: 1
2022-04-19 21:21:06,064 - (50.8% 33:65) - Filename: P10377.png - width: 1024  - height: 1024  - Objects: 1     - Windows: 1     - Patches: 1
2022-04-19 21:21:06,327 - (52.3% 34:65) - Filename: P10549.png - width: 1024  - height: 1024  - Objects: 26    - Windows: 1     - Patches: 1
2022-04-19 21:21:06,357 - (53.8% 35:65) - Filename: P10813.png - width: 1024  - height: 1024  - Objects: 1     - Windows: 1     - Patches: 1
2022-04-19 21:21:06,396 - (55.4% 36:65) - Filename: P9980.png - width: 1024  - height: 1024  - Objects: 1     - Windows: 1     - Patches: 1
2022-04-19 21:21:06,553 - (56.9% 37:65) - Filename: P11026.png - width: 1024  - height: 1024  - Objects: 1     - Windows: 1     - Patches: 1
2022-04-19 21:21:06,720 - (58.5% 38:65) - Filename: P10773.png - width: 1024  - height: 1024  - Objects: 3     - Windows: 1     - Patches: 1
2022-04-19 21:21:06,849 - (60.0% 39:65) - Filename: P10361.png - width: 1024  - height: 1024  - Objects: 2     - Windows: 1     - Patches: 1
2022-04-19 21:21:07,339 - (61.5% 40:65) - Filename: P9881.png - width: 1024  - height: 1024  - Objects: 1     - Windows: 1     - Patches: 1
2022-04-19 21:21:07,977 - (63.1% 41:65) - Filename: P10909.png - width: 1024  - height: 1024  - Objects: 4     - Windows: 1     - Patches: 1
2022-04-19 21:21:08,005 - (64.6% 42:65) - Filename: P11032.png - width: 1024  - height: 1024  - Objects: 7     - Windows: 1     - Patches: 1
2022-04-19 21:21:08,222 - (66.2% 43:65) - Filename: P10451.png - width: 1024  - height: 1024  - Objects: 3     - Windows: 1     - Patches: 1
2022-04-19 21:21:08,487 - (67.7% 44:65) - Filename: P10889.png - width: 1024  - height: 1024  - Objects: 1     - Windows: 1     - Patches: 1
2022-04-19 21:21:08,492 - (69.2% 45:65) - Filename: P10550.png - width: 1024  - height: 1024  - Objects: 3     - Windows: 1     - Patches: 1
2022-04-19 21:21:08,937 - (70.8% 46:65) - Filename: P9983.png - width: 1024  - height: 1024  - Objects: 1     - Windows: 1     - Patches: 1
2022-04-19 21:21:08,996 - (72.3% 47:65) - Filename: P10455.png - width: 1024  - height: 1024  - Objects: 1     - Windows: 1     - Patches: 1
2022-04-19 21:21:09,104 - (73.8% 48:65) - Filename: P10435.png - width: 1024  - height: 1024  - Objects: 4     - Windows: 1     - Patches: 1
2022-04-19 21:21:09,143 - (75.4% 49:65) - Filename: P10454.png - width: 1024  - height: 1024  - Objects: 3     - Windows: 1     - Patches: 1
2022-04-19 21:21:09,338 - (76.9% 50:65) - Filename: P10628.png - width: 1024  - height: 1024  - Objects: 1     - Windows: 1     - Patches: 1
2022-04-19 21:21:09,339 - (78.5% 51:65) - Filename: P10531.png - width: 1024  - height: 1024  - Objects: 168   - Windows: 1     - Patches: 1
2022-04-19 21:21:09,395 - (80.0% 52:65) - Filename: P10462.png - width: 1024  - height: 1024  - Objects: 1     - Windows: 1     - Patches: 1
2022-04-19 21:21:09,669 - (81.5% 53:65) - Filename: P10639.png - width: 1024  - height: 1024  - Objects: 1     - Windows: 1     - Patches: 1
2022-04-19 21:21:09,733 - (83.1% 54:65) - Filename: P10011.png - width: 1024  - height: 1024  - Objects: 2     - Windows: 1     - Patches: 1
2022-04-19 21:21:09,851 - (84.6% 55:65) - Filename: P10046.png - width: 1024  - height: 1024  - Objects: 1     - Windows: 1     - Patches: 1
2022-04-19 21:21:10,046 - (86.2% 56:65) - Filename: P10063.png - width: 1024  - height: 1024  - Objects: 1     - Windows: 1     - Patches: 1
2022-04-19 21:21:10,148 - (87.7% 57:65) - Filename: P10347.png - width: 1024  - height: 1024  - Objects: 1     - Windows: 1     - Patches: 1
2022-04-19 21:21:10,346 - (89.2% 58:65) - Filename: P11052.png - width: 4097  - height: 4097  - Objects: 189   - Windows: 25    - Patches: 17
2022-04-19 21:21:10,568 - (90.8% 59:65) - Filename: P10191.png - width: 1024  - height: 1024  - Objects: 1     - Windows: 1     - Patches: 1
2022-04-19 21:21:10,859 - (92.3% 60:65) - Filename: P10467.png - width: 1024  - height: 1024  - Objects: 1     - Windows: 1     - Patches: 1
2022-04-19 21:21:13,523 - (93.8% 61:65) - Filename: P10339.png - width: 4096  - height: 4096  - Objects: 4679  - Windows: 25    - Patches: 22
2022-04-19 21:21:16,983 - (95.4% 62:65) - Filename: P10963.png - width: 7360  - height: 4912  - Objects: 557   - Windows: 54    - Patches: 50
2022-04-19 21:21:17,153 - (96.9% 63:65) - Filename: P10808.png - width: 7360  - height: 4912  - Objects: 675   - Windows: 54    - Patches: 43
2022-04-19 21:21:17,294 - (98.5% 64:65) - Filename: P10747.png - width: 7360  - height: 4912  - Objects: 232   - Windows: 54    - Patches: 47
2022-04-19 21:21:32,960 - (100.0% 65:65) - Filename: P11054.png - width: 29200 - height: 27620 - Objects: 222   - Windows: 1224  - Patches: 66
2022-04-19 21:21:32,963 - Finish splitting images in 32 second!!!
2022-04-19 21:21:32,964 - Total images number: 304
2022-04-19 21:21:32,964 - {
    "nproc": 20,
    "load_type": "dota",
    "img_dirs": [
        "/esat/drejo/r0773655/thesis/data/DOTA2_0/train/images/part6"
    ],
    "ann_dirs": [
        "/esat/drejo/r0773655/thesis/data/DOTA2_0/train/labelTxt-v2.0/DOTA-v2.0_train"
    ],
    "classes": "dota2.0",
    "prior_annfile": null,
    "merge_type": "addition",
    "sizes": [
        1024
    ],
    "gaps": [
        200
    ],
    "rates": [
        1.0
    ],
    "img_rate_thr": 0.6,
    "iof_thr": 0.7,
    "no_padding": false,
    "padding_value": [
        104,
        116,
        124
    ],
    "filter_empty": true,
    "save_dir": "/esat/drejo/r0773655/thesis/data/DOTA2_0_split_default/train/part6",
    "save_ext": ".png"
}
